<?xml version="1.0" encoding="UTF-8"?>
<!-- Generated by org.testng.reporters.JUnitReportReporter -->
<testsuite skipped="0" hostname="Dell" name="excel_handling.Jquery_Date_Picker" tests="1" failures="0" timestamp="01 Jan 2019 20:04:59 GMT" time="6.911" errors="0">
  <testcase name="f" time="6.911" classname="excel_handling.Jquery_Date_Picker"/>
</testsuite> <!-- excel_handling.Jquery_Date_Picker -->
