<?xml version="1.0" encoding="UTF-8"?>
<!-- Generated by org.testng.reporters.JUnitReportReporter -->
<testsuite skipped="0" hostname="Dell" name="sikuli.File_Upload" tests="1" failures="0" timestamp="01 Jan 2019 19:44:26 GMT" time="18.654" errors="0">
  <testcase name="f" time="18.654" classname="sikuli.File_Upload"/>
</testsuite> <!-- sikuli.File_Upload -->
