<?xml version="1.0" encoding="UTF-8"?>
<!-- Generated by org.testng.reporters.JUnitReportReporter -->
<testsuite skipped="0" hostname="Dell" name="datadriven.Excel_Write_Existed" tests="1" failures="0" timestamp="23 Jan 2019 07:15:59 GMT" time="3.743" errors="0">
  <testcase name="f" time="3.743" classname="datadriven.Excel_Write_Existed"/>
</testsuite> <!-- datadriven.Excel_Write_Existed -->
