<?xml version="1.0" encoding="UTF-8"?>
<!-- Generated by org.testng.reporters.JUnitReportReporter -->
<testsuite skipped="0" hostname="Dell" name="actions.Scroll_Down_Up" tests="1" failures="0" timestamp="01 Jan 2019 17:19:53 GMT" time="12.461" errors="0">
  <testcase name="f" time="12.461" classname="actions.Scroll_Down_Up"/>
</testsuite> <!-- actions.Scroll_Down_Up -->
