<?xml version="1.0" encoding="UTF-8"?>
<!-- Generated by org.testng.reporters.JUnitReportReporter -->
<testsuite skipped="0" hostname="Dell" name="datadriven.Excel_Write" tests="1" failures="0" timestamp="27 Dec 2018 20:48:57 GMT" time="0.773" errors="0">
  <testcase name="f" time="0.773" classname="datadriven.Excel_Write"/>
</testsuite> <!-- datadriven.Excel_Write -->
