<?xml version="1.0" encoding="UTF-8"?>
<!-- Generated by org.testng.reporters.JUnitReportReporter -->
<testsuite skipped="0" hostname="Dell" name="testng.GetOptions" tests="1" failures="0" timestamp="23 Dec 2018 20:36:15 GMT" time="0.214" errors="0">
  <testcase name="f" time="0.214" classname="testng.GetOptions"/>
</testsuite> <!-- testng.GetOptions -->
