<?xml version="1.0" encoding="UTF-8"?>
<!-- Generated by org.testng.reporters.JUnitReportReporter -->
<testsuite skipped="0" hostname="Dell" name="datadriven.DataRead" tests="1" failures="0" timestamp="20 Jan 2019 19:10:32 GMT" time="16.247" errors="0">
  <testcase name="f" time="16.247" classname="datadriven.DataRead"/>
</testsuite> <!-- datadriven.DataRead -->
