<?xml version="1.0" encoding="UTF-8"?>
<!-- Generated by org.testng.reporters.JUnitReportReporter -->
<testsuite skipped="1" hostname="Dell" name="test.Test99GuruLoginWithPageFactory" tests="1" failures="0" timestamp="28 Apr 2019 10:26:36 GMT" time="0.000" errors="0">
  <testcase name="test_Home_Page_Appear_correct" time="0.000" classname="test.Test99GuruLoginWithPageFactory">
    <skipped/>
  </testcase> <!-- test_Home_Page_Appear_correct -->
</testsuite> <!-- test.Test99GuruLoginWithPageFactory -->
