<?xml version="1.0" encoding="UTF-8"?>
<!-- Generated by org.testng.reporters.JUnitReportReporter -->
<testsuite skipped="0" hostname="Dell" name="testng.Collections_Example" tests="2" failures="0" timestamp="23 Dec 2018 14:00:31 GMT" time="0.024" errors="0">
  <testcase name="list_example" time="0.024" classname="testng.Collections_Example"/>
  <testcase name="set_Example" time="0.000" classname="testng.Collections_Example"/>
</testsuite> <!-- testng.Collections_Example -->
