<?xml version="1.0" encoding="UTF-8"?>
<!-- Generated by org.testng.reporters.JUnitReportReporter -->
<testsuite skipped="0" hostname="Dell" name="datadriven.ExcelWrite" tests="1" failures="0" timestamp="20 Jan 2019 21:11:04 GMT" time="0.743" errors="0">
  <testcase name="f" time="0.743" classname="datadriven.ExcelWrite"/>
</testsuite> <!-- datadriven.ExcelWrite -->
