<?xml version="1.0" encoding="UTF-8"?>
<!-- Generated by org.testng.reporters.JUnitReportReporter -->
<testsuite skipped="0" hostname="Dell" name="datadriven.DataDriven_Read_Write_MultipleTestdata" tests="1" failures="0" timestamp="25 Jan 2019 07:20:34 GMT" time="28.516" errors="0">
  <testcase name="f" time="28.516" classname="datadriven.DataDriven_Read_Write_MultipleTestdata"/>
</testsuite> <!-- datadriven.DataDriven_Read_Write_MultipleTestdata -->
