<?xml version="1.0" encoding="UTF-8"?>
<!-- Generated by org.testng.reporters.JUnitReportReporter -->
<testsuite skipped="0" hostname="Dell" name="testng.isEnabled" tests="1" failures="0" timestamp="23 Dec 2018 20:56:42 GMT" time="0.078" errors="0">
  <testcase name="f" time="0.078" classname="testng.isEnabled"/>
</testsuite> <!-- testng.isEnabled -->
