<?xml version="1.0" encoding="UTF-8"?>
<!-- Generated by org.testng.reporters.JUnitReportReporter -->
<testsuite skipped="0" hostname="Dell" name="testng.Take_Screenshot" tests="1" failures="0" timestamp="22 Dec 2018 14:06:21 GMT" time="0.340" errors="0">
  <testcase name="f" time="0.340" classname="testng.Take_Screenshot"/>
</testsuite> <!-- testng.Take_Screenshot -->
