<?xml version="1.0" encoding="UTF-8"?>
<!-- Generated by org.testng.reporters.JUnitReportReporter -->
<testsuite skipped="0" hostname="Dell" name="Get_Title" tests="1" failures="0" timestamp="15 Dec 2018 17:29:50 GMT" time="12.402" errors="0">
  <testcase name="f" time="12.402" classname="Get_Title"/>
</testsuite> <!-- Get_Title -->
