<?xml version="1.0" encoding="UTF-8"?>
<!-- Generated by org.testng.reporters.JUnitReportReporter -->
<testsuite skipped="0" hostname="Dell" name="com.regression.HelloWorldTest" tests="1" failures="0" timestamp="17 Mar 2019 09:59:43 GMT" time="0.022" errors="0">
  <testcase name="testHelloWorld" time="0.022" classname="com.regression.HelloWorldTest"/>
</testsuite> <!-- com.regression.HelloWorldTest -->
