<?xml version="1.0" encoding="UTF-8"?>
<!-- Generated by org.testng.reporters.JUnitReportReporter -->
<testsuite skipped="0" hostname="Dell" name="testng.FrameHandling_Index" tests="1" failures="0" timestamp="22 Dec 2018 10:20:09 GMT" time="3.993" errors="0">
  <testcase name="f" time="3.993" classname="testng.FrameHandling_Index"/>
</testsuite> <!-- testng.FrameHandling_Index -->
