<?xml version="1.0" encoding="UTF-8"?>
<!-- Generated by org.testng.reporters.JUnitReportReporter -->
<testsuite skipped="0" hostname="Dell" name="pOM_testCases.LoginTestscripts" tests="1" failures="0" timestamp="29 Mar 2019 21:19:44 GMT" time="0.752" errors="0">
  <testcase name="f" time="0.752" classname="pOM_testCases.LoginTestscripts"/>
</testsuite> <!-- pOM_testCases.LoginTestscripts -->
