<?xml version="1.0" encoding="UTF-8"?>
<!-- Generated by org.testng.reporters.JUnitReportReporter -->
<testsuite skipped="0" hostname="Dell" name="testng.WebTable_Handling" tests="1" failures="0" timestamp="23 Dec 2018 07:13:57 GMT" time="3.755" errors="0">
  <testcase name="f" time="3.755" classname="testng.WebTable_Handling"/>
</testsuite> <!-- testng.WebTable_Handling -->
