<?xml version="1.0" encoding="UTF-8"?>
<!-- Generated by org.testng.reporters.JUnitReportReporter -->
<testsuite skipped="0" hostname="Dell" name="testng.Get_Title" tests="1" failures="0" timestamp="16 Dec 2018 19:58:25 GMT" time="9.201" errors="0">
  <testcase name="f" time="9.201" classname="testng.Get_Title"/>
</testsuite> <!-- testng.Get_Title -->
