<?xml version="1.0" encoding="UTF-8"?>
<!-- Generated by org.testng.reporters.JUnitReportReporter -->
<testsuite skipped="0" hostname="Dell" name="testng.Ajax_Handling" tests="1" failures="0" timestamp="22 Dec 2018 11:45:16 GMT" time="7.922" errors="0">
  <testcase name="f" time="7.922" classname="testng.Ajax_Handling"/>
</testsuite> <!-- testng.Ajax_Handling -->
