<?xml version="1.0" encoding="UTF-8"?>
<!-- Generated by org.testng.reporters.JUnitReportReporter -->
<testsuite skipped="0" hostname="Dell" name="datadriven.DataDriven_Read" tests="1" failures="0" timestamp="25 Jan 2019 06:14:47 GMT" time="30.198" errors="0">
  <testcase name="f" time="30.198" classname="datadriven.DataDriven_Read"/>
</testsuite> <!-- datadriven.DataDriven_Read -->
