<?xml version="1.0" encoding="UTF-8"?>
<!-- Generated by org.testng.reporters.JUnitReportReporter -->
<testsuite skipped="0" hostname="Dell" name="testng.Print_Fields" tests="2" failures="0" timestamp="23 Dec 2018 20:26:40 GMT" time="0.401" errors="0">
  <testcase name="print_mandotoryFields" time="0.161" classname="testng.Print_Fields"/>
  <testcase name="f" time="0.240" classname="testng.Print_Fields"/>
</testsuite> <!-- testng.Print_Fields -->
