<?xml version="1.0" encoding="UTF-8"?>
<!-- Generated by org.testng.reporters.JUnitReportReporter -->
<testsuite skipped="0" hostname="Dell" name="testng.Window_Handling" tests="1" failures="0" timestamp="23 Dec 2018 15:28:34 GMT" time="19.608" errors="0">
  <testcase name="f" time="19.608" classname="testng.Window_Handling"/>
</testsuite> <!-- testng.Window_Handling -->
