<?xml version="1.0" encoding="UTF-8"?>
<!-- Generated by org.testng.reporters.JUnitReportReporter -->
<testsuite skipped="0" hostname="Dell" name="datadriven.Data_Read_write" tests="1" failures="0" timestamp="20 Jan 2019 20:13:18 GMT" time="17.725" errors="0">
  <testcase name="test" time="17.725" classname="datadriven.Data_Read_write"/>
</testsuite> <!-- datadriven.Data_Read_write -->
