<?xml version="1.0" encoding="UTF-8"?>
<!-- Generated by org.testng.reporters.JUnitReportReporter -->
<testsuite skipped="0" hostname="Dell" name="testng.Click_Links" tests="1" failures="0" timestamp="16 Dec 2018 19:58:25 GMT" time="18.101" errors="0">
  <testcase name="f" time="18.101" classname="testng.Click_Links"/>
</testsuite> <!-- testng.Click_Links -->
